Flutter crash report.
Please report a bug at https://github.com/flutter/flutter/issues.

## command

flutter --quiet assemble --no-version-check --depfile D:\Clean Air Tracker\clean_air_tracker\build\app\intermediates\flutter\debug/flutter_build.d --output D:\Clean Air Tracker\clean_air_tracker\build\app\intermediates\flutter\debug -dTargetFile=D:\Clean Air Tracker\clean_air_tracker\lib\main.dart -dTargetPlatform=android -dBuildMode=debug -dTrackWidgetCreation=true --DartDefines=RkxVVFRFUl9XRUJfQVVUT19ERVRFQ1Q9dHJ1ZQ== --ExtraFrontEndOptions=--no-sound-null-safety debug_android_application

## exception

ArgumentError: Invalid argument(s): Uri d:/Clean%20Air%20Tracker/clean_air_tracker/build/app/intermediates/assets/debug/mergeDebugAssets/flutter_assets/fonts/MyFlutterApp.ttf must have scheme 'file:'.

```
#0      WindowsStyle.pathFromUri (package:path/src/style/windows.dart:86:7)
#1      Context.fromUri (package:path/src/context.dart:1000:32)
#2      ManifestAssetBundle._resolveAsset (package:flutter_tools/src/asset.dart:887:47)
#3      ManifestAssetBundle._parseAssets (package:flutter_tools/src/asset.dart:778:34)
#4      ManifestAssetBundle.build (package:flutter_tools/src/asset.dart:250:54)
<asynchronous suspension>
#5      copyAssets (package:flutter_tools/src/build_system/targets/assets.dart:55:26)
<asynchronous suspension>
#6      AndroidAssetBundle.build (package:flutter_tools/src/build_system/targets/android.dart:65:34)
<asynchronous suspension>
#7      _BuildInstance._invokeInternal (package:flutter_tools/src/build_system/build_system.dart:847:9)
<asynchronous suspension>
#8      FlutterBuildSystem.build (package:flutter_tools/src/build_system/build_system.dart:614:16)
<asynchronous suspension>
#9      AssembleCommand.runCommand (package:flutter_tools/src/commands/assemble.dart:337:32)
<asynchronous suspension>
#10     FlutterCommand.run.<anonymous closure> (package:flutter_tools/src/runner/flutter_command.dart:1257:27)
<asynchronous suspension>
#11     AppContext.run.<anonymous closure> (package:flutter_tools/src/base/context.dart:150:19)
<asynchronous suspension>
#12     CommandRunner.runCommand (package:args/command_runner.dart:209:13)
<asynchronous suspension>
#13     FlutterCommandRunner.runCommand.<anonymous closure> (package:flutter_tools/src/runner/flutter_command_runner.dart:283:9)
<asynchronous suspension>
#14     AppContext.run.<anonymous closure> (package:flutter_tools/src/base/context.dart:150:19)
<asynchronous suspension>
#15     FlutterCommandRunner.runCommand (package:flutter_tools/src/runner/flutter_command_runner.dart:229:5)
<asynchronous suspension>
#16     run.<anonymous closure>.<anonymous closure> (package:flutter_tools/runner.dart:64:9)
<asynchronous suspension>
#17     AppContext.run.<anonymous closure> (package:flutter_tools/src/base/context.dart:150:19)
<asynchronous suspension>
#18     main (package:flutter_tools/executable.dart:91:3)
<asynchronous suspension>
```

## flutter doctor

```
[✓] Flutter (Channel stable, 3.7.7, on Microsoft Windows [Version 10.0.22621.1702], locale en-US)
    • Flutter version 3.7.7 on channel stable at E:\flutter
    • Upstream repository https://github.com/flutter/flutter.git
    • Framework revision 2ad6cd72c0 (4 months ago), 2023-03-08 09:41:59 -0800
    • Engine revision 1837b5be5f
    • Dart version 2.19.4
    • DevTools version 2.20.1

[✓] Windows Version (Installed version of Windows is version 10 or higher)

[✓] Android toolchain - develop for Android devices (Android SDK version 30.0.3)
    • Android SDK at C:\Users\itsgu\AppData\Local\Android\Sdk
    • Platform android-33, build-tools 30.0.3
    • ANDROID_HOME = C:\Users\itsgu\AppData\Local\Android\Sdk
    • Java binary at: E:\Android Studio\Android Studio\jre\bin\java
    • Java version OpenJDK Runtime Environment (build 11.0.11+9-b60-7590822)
    • All Android licenses accepted.

[✓] Chrome - develop for the web
    • Chrome at C:\Program Files\Google\Chrome\Application\chrome.exe

[!] Visual Studio - develop for Windows (Visual Studio Community 2022 17.3.4)
    • Visual Studio at C:\Program Files\Microsoft Visual Studio\2022\Community
    • Visual Studio Community 2022 version 17.3.32901.215
    ✗ Visual Studio is missing necessary components. Please re-run the Visual Studio installer for the "Desktop development with C++" workload, and include these components:
        MSVC v142 - VS 2019 C++ x64/x86 build tools
         - If there are multiple build tool versions available, install the latest
        C++ CMake tools for Windows
        Windows 10 SDK

[✓] Android Studio (version 2021.1)
    • Android Studio at E:\Android Studio\Android Studio
    • Flutter plugin can be installed from:
      🔨 https://plugins.jetbrains.com/plugin/9212-flutter
    • Dart plugin can be installed from:
      🔨 https://plugins.jetbrains.com/plugin/6351-dart
    • Java version OpenJDK Runtime Environment (build 11.0.11+9-b60-7590822)

[✓] Connected device (4 available)
    • Android SDK built for x86 (mobile) • emulator-5554 • android-x86    • Android 11 (API 30) (emulator)
    • Windows (desktop)                  • windows       • windows-x64    • Microsoft Windows [Version 10.0.22621.1702]
    • Chrome (web)                       • chrome        • web-javascript • Google Chrome 114.0.5735.134
    • Edge (web)                         • edge          • web-javascript • Microsoft Edge 114.0.1823.41

[✓] HTTP Host Availability
    • All required HTTP hosts are available

! Doctor found issues in 1 category.
```
